<?xml version="1.0" encoding="UTF-8"?>
<testsuite xmlns:xsi="http://www.w3.org/2001/XMLSchema-instance" xsi:noNamespaceSchemaLocation="https://maven.apache.org/surefire/maven-surefire-plugin/xsd/surefire-test-report-3.0.xsd" version="3.0" name="TestSuite" time="69.067" tests="18" errors="0" skipped="0" failures="0">
  <properties>
    <property name="java.specification.version" value="17"/>
    <property name="sun.cpu.isalist" value="amd64"/>
    <property name="sun.jnu.encoding" value="Cp1252"/>
    <property name="java.class.path" value="C:\Program Files\apache-maven-3.8.4\boot\plexus-classworlds-2.6.0.jar"/>
    <property name="java.vm.vendor" value="Oracle Corporation"/>
    <property name="sun.arch.data.model" value="64"/>
    <property name="user.variant" value=""/>
    <property name="java.vendor.url" value="https://java.oracle.com/"/>
    <property name="user.timezone" value="Africa/Cairo"/>
    <property name="maven.conf" value="C:\Program Files\apache-maven-3.8.4/conf"/>
    <property name="java.vm.specification.version" value="17"/>
    <property name="os.name" value="Windows 11"/>
    <property name="sun.java.launcher" value="SUN_STANDARD"/>
    <property name="user.country" value="US"/>
    <property name="allure.link.issue.pattern" value="https://example.org/browse/{}"/>
    <property name="sun.boot.library.path" value="C:\Program Files\Java\jdk-17.0.5\bin"/>
    <property name="sun.java.command" value="org.codehaus.plexus.classworlds.launcher.Launcher clean test"/>
    <property name="jdk.debug" value="release"/>
    <property name="maven.home" value="C:\Program Files\apache-maven-3.8.4"/>
    <property name="surefire.test.class.path" value="D:\Work &amp; Development\Software Testing\Automation Frameworks\SeleniumJAVA_TAF\target\test-classes;D:\Work &amp; Development\Software Testing\Automation Frameworks\SeleniumJAVA_TAF\target\classes;C:\Users\moham\.m2\repository\org\seleniumhq\selenium\selenium-java\4.9.0\selenium-java-4.9.0.jar;C:\Users\moham\.m2\repository\org\seleniumhq\selenium\selenium-api\4.9.0\selenium-api-4.9.0.jar;C:\Users\moham\.m2\repository\org\seleniumhq\selenium\selenium-chrome-driver\4.9.0\selenium-chrome-driver-4.9.0.jar;C:\Users\moham\.m2\repository\org\seleniumhq\selenium\selenium-chromium-driver\4.9.0\selenium-chromium-driver-4.9.0.jar;C:\Users\moham\.m2\repository\org\seleniumhq\selenium\selenium-devtools-v110\4.9.0\selenium-devtools-v110-4.9.0.jar;C:\Users\moham\.m2\repository\org\seleniumhq\selenium\selenium-devtools-v111\4.9.0\selenium-devtools-v111-4.9.0.jar;C:\Users\moham\.m2\repository\org\seleniumhq\selenium\selenium-devtools-v112\4.9.0\selenium-devtools-v112-4.9.0.jar;C:\Users\moham\.m2\repository\org\seleniumhq\selenium\selenium-devtools-v85\4.9.0\selenium-devtools-v85-4.9.0.jar;C:\Users\moham\.m2\repository\org\seleniumhq\selenium\selenium-edge-driver\4.9.0\selenium-edge-driver-4.9.0.jar;C:\Users\moham\.m2\repository\org\seleniumhq\selenium\selenium-firefox-driver\4.9.0\selenium-firefox-driver-4.9.0.jar;C:\Users\moham\.m2\repository\org\seleniumhq\selenium\selenium-ie-driver\4.9.0\selenium-ie-driver-4.9.0.jar;C:\Users\moham\.m2\repository\org\seleniumhq\selenium\selenium-remote-driver\4.9.0\selenium-remote-driver-4.9.0.jar;C:\Users\moham\.m2\repository\io\netty\netty-buffer\4.1.91.Final\netty-buffer-4.1.91.Final.jar;C:\Users\moham\.m2\repository\io\netty\netty-codec-http\4.1.91.Final\netty-codec-http-4.1.91.Final.jar;C:\Users\moham\.m2\repository\io\netty\netty-codec\4.1.91.Final\netty-codec-4.1.91.Final.jar;C:\Users\moham\.m2\repository\io\netty\netty-handler\4.1.91.Final\netty-handler-4.1.91.Final.jar;C:\Users\moham\.m2\repository\io\netty\netty-common\4.1.91.Final\netty-common-4.1.91.Final.jar;C:\Users\moham\.m2\repository\io\netty\netty-transport-classes-epoll\4.1.91.Final\netty-transport-classes-epoll-4.1.91.Final.jar;C:\Users\moham\.m2\repository\io\netty\netty-transport-classes-kqueue\4.1.91.Final\netty-transport-classes-kqueue-4.1.91.Final.jar;C:\Users\moham\.m2\repository\io\netty\netty-transport-native-epoll\4.1.91.Final\netty-transport-native-epoll-4.1.91.Final.jar;C:\Users\moham\.m2\repository\io\netty\netty-transport-native-kqueue\4.1.91.Final\netty-transport-native-kqueue-4.1.91.Final.jar;C:\Users\moham\.m2\repository\io\netty\netty-transport-native-unix-common\4.1.91.Final\netty-transport-native-unix-common-4.1.91.Final.jar;C:\Users\moham\.m2\repository\io\netty\netty-transport\4.1.91.Final\netty-transport-4.1.91.Final.jar;C:\Users\moham\.m2\repository\io\netty\netty-resolver\4.1.91.Final\netty-resolver-4.1.91.Final.jar;C:\Users\moham\.m2\repository\io\opentelemetry\opentelemetry-api\1.25.0\opentelemetry-api-1.25.0.jar;C:\Users\moham\.m2\repository\io\opentelemetry\opentelemetry-context\1.25.0\opentelemetry-context-1.25.0.jar;C:\Users\moham\.m2\repository\io\opentelemetry\opentelemetry-exporter-logging\1.25.0\opentelemetry-exporter-logging-1.25.0.jar;C:\Users\moham\.m2\repository\io\opentelemetry\opentelemetry-sdk-metrics\1.25.0\opentelemetry-sdk-metrics-1.25.0.jar;C:\Users\moham\.m2\repository\io\opentelemetry\opentelemetry-sdk-logs\1.25.0-alpha\opentelemetry-sdk-logs-1.25.0-alpha.jar;C:\Users\moham\.m2\repository\io\opentelemetry\opentelemetry-api-logs\1.25.0-alpha\opentelemetry-api-logs-1.25.0-alpha.jar;C:\Users\moham\.m2\repository\io\opentelemetry\opentelemetry-api-events\1.25.0-alpha\opentelemetry-api-events-1.25.0-alpha.jar;C:\Users\moham\.m2\repository\io\opentelemetry\opentelemetry-sdk-common\1.25.0\opentelemetry-sdk-common-1.25.0.jar;C:\Users\moham\.m2\repository\io\opentelemetry\opentelemetry-sdk-extension-autoconfigure-spi\1.25.0\opentelemetry-sdk-extension-autoconfigure-spi-1.25.0.jar;C:\Users\moham\.m2\repository\io\opentelemetry\opentelemetry-sdk-extension-autoconfigure\1.25.0-alpha\opentelemetry-sdk-extension-autoconfigure-1.25.0-alpha.jar;C:\Users\moham\.m2\repository\io\opentelemetry\opentelemetry-sdk-trace\1.25.0\opentelemetry-sdk-trace-1.25.0.jar;C:\Users\moham\.m2\repository\io\opentelemetry\opentelemetry-sdk\1.25.0\opentelemetry-sdk-1.25.0.jar;C:\Users\moham\.m2\repository\io\opentelemetry\opentelemetry-semconv\1.25.0-alpha\opentelemetry-semconv-1.25.0-alpha.jar;C:\Users\moham\.m2\repository\io\ous\jtoml\2.0.0\jtoml-2.0.0.jar;C:\Users\moham\.m2\repository\net\bytebuddy\byte-buddy\1.14.4\byte-buddy-1.14.4.jar;C:\Users\moham\.m2\repository\org\apache\commons\commons-exec\1.3\commons-exec-1.3.jar;C:\Users\moham\.m2\repository\org\asynchttpclient\async-http-client\2.12.3\async-http-client-2.12.3.jar;C:\Users\moham\.m2\repository\org\asynchttpclient\async-http-client-netty-utils\2.12.3\async-http-client-netty-utils-2.12.3.jar;C:\Users\moham\.m2\repository\io\netty\netty-codec-socks\4.1.60.Final\netty-codec-socks-4.1.60.Final.jar;C:\Users\moham\.m2\repository\io\netty\netty-handler-proxy\4.1.60.Final\netty-handler-proxy-4.1.60.Final.jar;C:\Users\moham\.m2\repository\io\netty\netty-transport-native-epoll\4.1.60.Final\netty-transport-native-epoll-4.1.60.Final-linux-x86_64.jar;C:\Users\moham\.m2\repository\io\netty\netty-transport-native-kqueue\4.1.60.Final\netty-transport-native-kqueue-4.1.60.Final-osx-x86_64.jar;C:\Users\moham\.m2\repository\com\typesafe\netty\netty-reactive-streams\2.0.4\netty-reactive-streams-2.0.4.jar;C:\Users\moham\.m2\repository\com\sun\activation\jakarta.activation\1.2.2\jakarta.activation-1.2.2.jar;C:\Users\moham\.m2\repository\org\seleniumhq\selenium\selenium-safari-driver\4.9.0\selenium-safari-driver-4.9.0.jar;C:\Users\moham\.m2\repository\org\seleniumhq\selenium\selenium-support\4.9.0\selenium-support-4.9.0.jar;C:\Users\moham\.m2\repository\org\seleniumhq\selenium\selenium-manager\4.9.0\selenium-manager-4.9.0.jar;C:\Users\moham\.m2\repository\com\google\guava\guava\31.1-jre\guava-31.1-jre.jar;C:\Users\moham\.m2\repository\com\google\guava\failureaccess\1.0.1\failureaccess-1.0.1.jar;C:\Users\moham\.m2\repository\com\google\guava\listenablefuture\9999.0-empty-to-avoid-conflict-with-guava\listenablefuture-9999.0-empty-to-avoid-conflict-with-guava.jar;C:\Users\moham\.m2\repository\org\checkerframework\checker-qual\3.12.0\checker-qual-3.12.0.jar;C:\Users\moham\.m2\repository\com\google\errorprone\error_prone_annotations\2.11.0\error_prone_annotations-2.11.0.jar;C:\Users\moham\.m2\repository\com\google\j2objc\j2objc-annotations\1.3\j2objc-annotations-1.3.jar;C:\Users\moham\.m2\repository\org\seleniumhq\selenium\selenium-json\4.9.0\selenium-json-4.9.0.jar;C:\Users\moham\.m2\repository\org\seleniumhq\selenium\selenium-http-jdk-client\4.9.0\selenium-http-jdk-client-4.9.0.jar;C:\Users\moham\.m2\repository\com\google\auto\service\auto-service-annotations\1.0.1\auto-service-annotations-1.0.1.jar;C:\Users\moham\.m2\repository\com\google\auto\service\auto-service\1.0.1\auto-service-1.0.1.jar;C:\Users\moham\.m2\repository\com\google\auto\auto-common\1.2\auto-common-1.2.jar;C:\Users\moham\.m2\repository\org\seleniumhq\selenium\selenium-http\4.9.0\selenium-http-4.9.0.jar;C:\Users\moham\.m2\repository\dev\failsafe\failsafe\3.3.1\failsafe-3.3.1.jar;C:\Users\moham\.m2\repository\org\testng\testng\7.7.1\testng-7.7.1.jar;C:\Users\moham\.m2\repository\org\slf4j\slf4j-api\1.7.36\slf4j-api-1.7.36.jar;C:\Users\moham\.m2\repository\com\beust\jcommander\1.82\jcommander-1.82.jar;C:\Users\moham\.m2\repository\org\webjars\jquery\3.6.1\jquery-3.6.1.jar;C:\Users\moham\.m2\repository\io\cucumber\cucumber-java\7.11.1\cucumber-java-7.11.1.jar;C:\Users\moham\.m2\repository\org\apiguardian\apiguardian-api\1.1.2\apiguardian-api-1.1.2.jar;C:\Users\moham\.m2\repository\io\cucumber\cucumber-core\7.11.1\cucumber-core-7.11.1.jar;C:\Users\moham\.m2\repository\io\cucumber\cucumber-gherkin\7.11.1\cucumber-gherkin-7.11.1.jar;C:\Users\moham\.m2\repository\io\cucumber\cucumber-gherkin-messages\7.11.1\cucumber-gherkin-messages-7.11.1.jar;C:\Users\moham\.m2\repository\io\cucumber\messages\21.0.1\messages-21.0.1.jar;C:\Users\moham\.m2\repository\io\cucumber\tag-expressions\5.0.1\tag-expressions-5.0.1.jar;C:\Users\moham\.m2\repository\io\cucumber\cucumber-expressions\16.1.2\cucumber-expressions-16.1.2.jar;C:\Users\moham\.m2\repository\io\cucumber\datatable\7.11.1\datatable-7.11.1.jar;C:\Users\moham\.m2\repository\io\cucumber\cucumber-plugin\7.11.1\cucumber-plugin-7.11.1.jar;C:\Users\moham\.m2\repository\io\cucumber\docstring\7.11.1\docstring-7.11.1.jar;C:\Users\moham\.m2\repository\io\cucumber\html-formatter\20.2.1\html-formatter-20.2.1.jar;C:\Users\moham\.m2\repository\io\cucumber\junit-xml-formatter\0.1.0\junit-xml-formatter-0.1.0.jar;C:\Users\moham\.m2\repository\io\cucumber\ci-environment\9.1.0\ci-environment-9.1.0.jar;C:\Users\moham\.m2\repository\io\cucumber\gherkin\26.0.1\gherkin-26.0.1.jar;C:\Users\moham\.m2\repository\io\cucumber\cucumber-picocontainer\7.11.1\cucumber-picocontainer-7.11.1.jar;C:\Users\moham\.m2\repository\org\picocontainer\picocontainer\2.15\picocontainer-2.15.jar;C:\Users\moham\.m2\repository\io\cucumber\cucumber-testng\7.11.1\cucumber-testng-7.11.1.jar;C:\Users\moham\.m2\repository\io\cucumber\cucumber-junit\7.11.1\cucumber-junit-7.11.1.jar;C:\Users\moham\.m2\repository\junit\junit\4.13.2\junit-4.13.2.jar;C:\Users\moham\.m2\repository\org\hamcrest\hamcrest-core\1.3\hamcrest-core-1.3.jar;C:\Users\moham\.m2\repository\io\qameta\allure\allure-java-commons\2.21.0\allure-java-commons-2.21.0.jar;C:\Users\moham\.m2\repository\io\qameta\allure\allure-model\2.21.0\allure-model-2.21.0.jar;C:\Users\moham\.m2\repository\io\qameta\allure\allure-attachments\2.21.0\allure-attachments-2.21.0.jar;C:\Users\moham\.m2\repository\org\freemarker\freemarker\2.3.31\freemarker-2.3.31.jar;C:\Users\moham\.m2\repository\io\qameta\allure\allure-testng\2.21.0\allure-testng-2.21.0.jar;C:\Users\moham\.m2\repository\io\qameta\allure\allure-test-filter\2.21.0\allure-test-filter-2.21.0.jar;C:\Users\moham\.m2\repository\io\qameta\allure\allure-cucumber7-jvm\2.21.0\allure-cucumber7-jvm-2.21.0.jar;C:\Users\moham\.m2\repository\com\sun\mail\javax.mail\1.6.2\javax.mail-1.6.2.jar;C:\Users\moham\.m2\repository\javax\activation\activation\1.1\activation-1.1.jar;C:\Users\moham\.m2\repository\org\apache\commons\commons-email\1.5\commons-email-1.5.jar;C:\Users\moham\.m2\repository\org\projectlombok\lombok\1.18.26\lombok-1.18.26.jar;C:\Users\moham\.m2\repository\org\aspectj\aspectjweaver\1.9.19\aspectjweaver-1.9.19.jar;C:\Users\moham\.m2\repository\com\aventstack\extentreports\5.0.9\extentreports-5.0.9.jar;C:\Users\moham\.m2\repository\io\reactivex\rxjava3\rxjava\3.0.4\rxjava-3.0.4.jar;C:\Users\moham\.m2\repository\org\reactivestreams\reactive-streams\1.0.3\reactive-streams-1.0.3.jar;C:\Users\moham\.m2\repository\com\google\code\gson\gson\2.8.6\gson-2.8.6.jar;C:\Users\moham\.m2\repository\com\github\javafaker\javafaker\1.0.2\javafaker-1.0.2.jar;C:\Users\moham\.m2\repository\org\apache\commons\commons-lang3\3.5\commons-lang3-3.5.jar;C:\Users\moham\.m2\repository\org\yaml\snakeyaml\1.23\snakeyaml-1.23-android.jar;C:\Users\moham\.m2\repository\com\github\mifmif\generex\1.0.2\generex-1.0.2.jar;C:\Users\moham\.m2\repository\dk\brics\automaton\automaton\1.11-8\automaton-1.11-8.jar;C:\Users\moham\.m2\repository\io\github\bonigarcia\webdrivermanager\5.3.2\webdrivermanager-5.3.2.jar;C:\Users\moham\.m2\repository\com\github\docker-java\docker-java\3.2.14\docker-java-3.2.14.jar;C:\Users\moham\.m2\repository\com\github\docker-java\docker-java-core\3.2.14\docker-java-core-3.2.14.jar;C:\Users\moham\.m2\repository\com\github\docker-java\docker-java-api\3.2.14\docker-java-api-3.2.14.jar;C:\Users\moham\.m2\repository\com\fasterxml\jackson\core\jackson-annotations\2.10.3\jackson-annotations-2.10.3.jar;C:\Users\moham\.m2\repository\commons-io\commons-io\2.6\commons-io-2.6.jar;C:\Users\moham\.m2\repository\org\apache\commons\commons-compress\1.21\commons-compress-1.21.jar;C:\Users\moham\.m2\repository\com\fasterxml\jackson\core\jackson-databind\2.10.3\jackson-databind-2.10.3.jar;C:\Users\moham\.m2\repository\com\fasterxml\jackson\core\jackson-core\2.10.3\jackson-core-2.10.3.jar;C:\Users\moham\.m2\repository\org\bouncycastle\bcpkix-jdk15on\1.64\bcpkix-jdk15on-1.64.jar;C:\Users\moham\.m2\repository\org\bouncycastle\bcprov-jdk15on\1.64\bcprov-jdk15on-1.64.jar;C:\Users\moham\.m2\repository\org\slf4j\jcl-over-slf4j\1.7.30\jcl-over-slf4j-1.7.30.jar;C:\Users\moham\.m2\repository\com\github\docker-java\docker-java-transport-httpclient5\3.2.14\docker-java-transport-httpclient5-3.2.14.jar;C:\Users\moham\.m2\repository\com\github\docker-java\docker-java-transport\3.2.14\docker-java-transport-3.2.14.jar;C:\Users\moham\.m2\repository\net\java\dev\jna\jna\5.12.1\jna-5.12.1.jar;C:\Users\moham\.m2\repository\org\brotli\dec\0.1.2\dec-0.1.2.jar;C:\Users\moham\.m2\repository\org\apache\httpcomponents\client5\httpclient5\5.2.1\httpclient5-5.2.1.jar;C:\Users\moham\.m2\repository\org\apache\httpcomponents\core5\httpcore5\5.2\httpcore5-5.2.jar;C:\Users\moham\.m2\repository\org\apache\httpcomponents\core5\httpcore5-h2\5.2\httpcore5-h2-5.2.jar;C:\Users\moham\.m2\repository\org\apache\logging\log4j\log4j-core\2.20.0\log4j-core-2.20.0.jar;C:\Users\moham\.m2\repository\org\apache\logging\log4j\log4j-api\2.20.0\log4j-api-2.20.0.jar;C:\Users\moham\.m2\repository\org\reflections\reflections\0.10.2\reflections-0.10.2.jar;C:\Users\moham\.m2\repository\org\javassist\javassist\3.28.0-GA\javassist-3.28.0-GA.jar;C:\Users\moham\.m2\repository\com\google\code\findbugs\jsr305\3.0.2\jsr305-3.0.2.jar;C:\Users\moham\.m2\repository\org\aeonbits\owner\owner\1.0.12\owner-1.0.12.jar;C:\Users\moham\.m2\repository\org\jetbrains\annotations\24.0.1\annotations-24.0.1.jar;C:\Users\moham\.m2\repository\org\sonarsource\scanner\maven\sonar-maven-plugin\3.9.1.2184\sonar-maven-plugin-3.9.1.2184.jar;C:\Users\moham\.m2\repository\org\sonatype\plexus\plexus-sec-dispatcher\1.4\plexus-sec-dispatcher-1.4.jar;C:\Users\moham\.m2\repository\org\sonatype\plexus\plexus-cipher\1.4\plexus-cipher-1.4.jar;C:\Users\moham\.m2\repository\org\codehaus\plexus\plexus-utils\3.2.1\plexus-utils-3.2.1.jar;C:\Users\moham\.m2\repository\org\sonarsource\scanner\api\sonar-scanner-api\2.16.2.588\sonar-scanner-api-2.16.2.588.jar;C:\Users\moham\.m2\repository\commons-lang\commons-lang\2.6\commons-lang-2.6.jar;"/>
    <property name="sun.cpu.endian" value="little"/>
    <property name="allure.results.directory" value="D:\Work &amp; Development\Software Testing\Automation Frameworks\SeleniumJAVA_TAF\target/allure-results"/>
    <property name="user.home" value="C:\Users\moham"/>
    <property name="user.language" value="en"/>
    <property name="sun.stderr.encoding" value="cp437"/>
    <property name="java.specification.vendor" value="Oracle Corporation"/>
    <property name="java.version.date" value="2022-10-18"/>
    <property name="java.home" value="C:\Program Files\Java\jdk-17.0.5"/>
    <property name="file.separator" value="\"/>
    <property name="allure.link.tms.pattern" value="https://example.org/browse/{}"/>
    <property name="basedir" value="D:\Work &amp; Development\Software Testing\Automation Frameworks\SeleniumJAVA_TAF"/>
    <property name="java.vm.compressedOopsMode" value="Zero based"/>
    <property name="line.separator" value="&#10;"/>
    <property name="sun.stdout.encoding" value="cp437"/>
    <property name="java.vm.specification.vendor" value="Oracle Corporation"/>
    <property name="java.specification.name" value="Java Platform API Specification"/>
    <property name="user.script" value=""/>
    <property name="sun.management.compiler" value="HotSpot 64-Bit Tiered Compilers"/>
    <property name="java.runtime.version" value="17.0.5+9-LTS-191"/>
    <property name="user.name" value="moham"/>
    <property name="path.separator" value=";"/>
    <property name="os.version" value="10.0"/>
    <property name="java.runtime.name" value="Java(TM) SE Runtime Environment"/>
    <property name="file.encoding" value="Cp1252"/>
    <property name="guice.disable.misplaced.annotation.check" value="true"/>
    <property name="java.vm.name" value="Java HotSpot(TM) 64-Bit Server VM"/>
    <property name="localRepository" value="C:\Users\moham\.m2\repository"/>
    <property name="java.vendor.url.bug" value="https://bugreport.java.com/bugreport/"/>
    <property name="java.io.tmpdir" value="C:\Users\moham\AppData\Local\Temp\"/>
    <property name="java.version" value="17.0.5"/>
    <property name="user.dir" value="D:\Work &amp; Development\Software Testing\Automation Frameworks\SeleniumJAVA_TAF"/>
    <property name="os.arch" value="amd64"/>
    <property name="maven.multiModuleProjectDirectory" value="D:\Work &amp; Development\Software Testing\Automation Frameworks\SeleniumJAVA_TAF"/>
    <property name="java.vm.specification.name" value="Java Virtual Machine Specification"/>
    <property name="sun.os.patch.level" value=""/>
    <property name="native.encoding" value="Cp1252"/>
    <property name="java.library.path" value="C:\Program Files\Java\jdk-17.0.5\bin;C:\WINDOWS\Sun\Java\bin;C:\WINDOWS\system32;C:\WINDOWS;C:\Program Files\PowerShell\7;C:\Program Files\Common Files\Oracle\Java\javapath;C:\Program Files (x86)\Common Files\Oracle\Java\javapath;C:\Windows\system32;C:\Windows;C:\Windows\System32\Wbem;C:\Windows\System32\WindowsPowerShell\v1.0\;C:\Windows\System32\OpenSSH\;C:\Program Files (x86)\NVIDIA Corporation\PhysX\Common;C:\Program Files\Git\cmd;C:\Program Files\apache-maven-3.8.4\bin;C:\Program Files\dotnet\;C:\Users\moham\AppData\Local\Android\Sdk\platform-tools;C:\Program Files\nodejs\;C:\Program Files\nodejs\node_modules\npm\bin;C:\Users\moham\AppData\Local\Android\Sdk\tools\bin;C:\Program Files\Microsoft VS Code\bin;C:\Program Files\Docker\Docker\resources\bin;C:\ProgramData\DockerDesktop\version-bin;C:\Program Files\Docker\Docker;C:\Program Files\Docker\Docker\resources;C:\Program Files\CodeBlocks\MinGW\bin;;C:\WINDOWS\system32;C:\WINDOWS;C:\WINDOWS\System32\Wbem;C:\WINDOWS\System32\WindowsPowerShell\v1.0\;C:\WINDOWS\System32\OpenSSH\;C:\Program Files\PowerShell\7\;C:\Users\moham\scoop\shims;C:\Program Files\Ruby31-x64\bin;C:\Users\moham\AppData\Local\Microsoft\WindowsApps;C:\Users\moham\AppData\Roaming\npm;C:\Users\moham\AppData\Local\Microsoft\WindowsApps;."/>
    <property name="java.vm.info" value="mixed mode, sharing"/>
    <property name="java.vendor" value="Oracle Corporation"/>
    <property name="java.vm.version" value="17.0.5+9-LTS-191"/>
    <property name="classworlds.conf" value="C:\Program Files\apache-maven-3.8.4\bin\m2.conf"/>
    <property name="sun.io.unicode.encoding" value="UnicodeLittle"/>
    <property name="library.jansi.path" value="C:\Program Files\apache-maven-3.8.4\lib\jansi-native"/>
    <property name="java.class.version" value="61.0"/>
  </properties>
  <testcase name="UserCanRegisterSuccessfully" classname="tests.AddProductReviewTest" time="3.206">
    <system-out><![CDATA[CURRENT THREAD: 1, DRIVER = ChromeDriver: chrome on WINDOWS (7998cf0bbb660217d2e7057696b3ac8b)
07:28:48.281 [main] INFO  tests.AddProductReviewTest - 

************** Execution Started : UserCanRegisterSuccessfully **************

]]></system-out>
    <system-err><![CDATA[SLF4J: Failed to load class "org.slf4j.impl.StaticLoggerBinder".
SLF4J: Defaulting to no-operation (NOP) logger implementation
SLF4J: See http://www.slf4j.org/codes.html#StaticLoggerBinder for further details.
Starting ChromeDriver 113.0.5672.63 (0e1a4471d5ae5bf128b1bd8f4d627c8cbd55f70c-refs/branch-heads/5672@{#912}) on port 19808
Only local connections are allowed.
Please see https://chromedriver.chromium.org/security-considerations for suggestions on keeping ChromeDriver safe.
ChromeDriver was started successfully.
May 13, 2023 7:28:46 AM org.openqa.selenium.devtools.CdpVersionFinder findNearestMatch
WARNING: Unable to find an exact match for CDP version 113, so returning the closest version found: 112
]]></system-err>
  </testcase>
  <testcase name="RegisteredUserCanLogin" classname="tests.AddProductReviewTest" time="1.957">
    <system-out><![CDATA[07:28:51.492 [main] INFO  tests.AddProductReviewTest - Success of test cases and its details are : UserCanRegisterSuccessfully
07:28:51.492 [main] INFO  tests.AddProductReviewTest - 

************** Execution Ended : UserCanRegisterSuccessfully **************

07:28:51.508 [main] INFO  tests.AddProductReviewTest - 

************** Execution Started : RegisteredUserCanLogin **************

]]></system-out>
  </testcase>
  <testcase name="UserCanSearchForProducts" classname="tests.AddProductReviewTest" time="2.822">
    <system-out><![CDATA[07:28:53.465 [main] INFO  tests.AddProductReviewTest - Success of test cases and its details are : RegisteredUserCanLogin
07:28:53.465 [main] INFO  tests.AddProductReviewTest - 

************** Execution Ended : RegisteredUserCanLogin **************

07:28:53.465 [main] INFO  tests.AddProductReviewTest - 

************** Execution Started : UserCanSearchForProducts **************

]]></system-out>
  </testcase>
  <testcase name="RegisteredUserCanAddReviewForProduct" classname="tests.AddProductReviewTest" time="1.913">
    <system-out><![CDATA[07:28:56.287 [main] INFO  tests.AddProductReviewTest - Success of test cases and its details are : UserCanSearchForProducts
07:28:56.287 [main] INFO  tests.AddProductReviewTest - 

************** Execution Ended : UserCanSearchForProducts **************

07:28:56.287 [main] INFO  tests.AddProductReviewTest - 

************** Execution Started : RegisteredUserCanAddReviewForProduct **************

]]></system-out>
  </testcase>
  <testcase name="RegisteredUserCanLogout" classname="tests.AddProductReviewTest" time="0.835">
    <system-out><![CDATA[07:28:58.200 [main] INFO  tests.AddProductReviewTest - Success of test cases and its details are : RegisteredUserCanAddReviewForProduct
07:28:58.200 [main] INFO  tests.AddProductReviewTest - 

************** Execution Ended : RegisteredUserCanAddReviewForProduct **************

07:28:58.200 [main] INFO  tests.AddProductReviewTest - 

************** Execution Started : RegisteredUserCanLogout **************

]]></system-out>
  </testcase>
  <testcase name="UserCanChangeCurrency" classname="tests.ChangeCurrencyTest" time="1.039">
    <system-out><![CDATA[07:28:59.035 [main] INFO  tests.AddProductReviewTest - Success of test cases and its details are : RegisteredUserCanLogout
07:28:59.043 [main] INFO  tests.AddProductReviewTest - 

************** Execution Ended : RegisteredUserCanLogout **************

07:28:59.217 [AsyncHttpClient-1-4] TRACE io.netty.handler.codec.http.websocketx.WebSocket08FrameEncoder - Encoding WebSocket Frame opCode=8 length=26
CURRENT THREAD: 1, DRIVER = ChromeDriver: chrome on WINDOWS (a199b79d1ca963c546eec78ab5e13bdc)
07:29:02.795 [main] INFO  tests.AddProductReviewTest - 

************** Execution Started : UserCanChangeCurrency **************

]]></system-out>
    <system-err><![CDATA[May 13, 2023 7:28:59 AM org.openqa.selenium.remote.http.WebSocket$Listener onError
WARNING: Connection reset
java.net.SocketException: Connection reset
	at java.base/sun.nio.ch.SocketChannelImpl.throwConnectionReset(SocketChannelImpl.java:394)
	at java.base/sun.nio.ch.SocketChannelImpl.read(SocketChannelImpl.java:426)
	at io.netty.buffer.PooledByteBuf.setBytes(PooledByteBuf.java:256)
	at io.netty.buffer.AbstractByteBuf.writeBytes(AbstractByteBuf.java:1132)
	at io.netty.channel.socket.nio.NioSocketChannel.doReadBytes(NioSocketChannel.java:357)
	at io.netty.channel.nio.AbstractNioByteChannel$NioByteUnsafe.read(AbstractNioByteChannel.java:151)
	at io.netty.channel.nio.NioEventLoop.processSelectedKey(NioEventLoop.java:788)
	at io.netty.channel.nio.NioEventLoop.processSelectedKeysOptimized(NioEventLoop.java:724)
	at io.netty.channel.nio.NioEventLoop.processSelectedKeys(NioEventLoop.java:650)
	at io.netty.channel.nio.NioEventLoop.run(NioEventLoop.java:562)
	at io.netty.util.concurrent.SingleThreadEventExecutor$4.run(SingleThreadEventExecutor.java:997)
	at io.netty.util.internal.ThreadExecutorMap$2.run(ThreadExecutorMap.java:74)
	at io.netty.util.concurrent.FastThreadLocalRunnable.run(FastThreadLocalRunnable.java:30)
	at java.base/java.lang.Thread.run(Thread.java:833)

Starting ChromeDriver 113.0.5672.63 (0e1a4471d5ae5bf128b1bd8f4d627c8cbd55f70c-refs/branch-heads/5672@{#912}) on port 35920
Only local connections are allowed.
Please see https://chromedriver.chromium.org/security-considerations for suggestions on keeping ChromeDriver safe.
ChromeDriver was started successfully.
May 13, 2023 7:29:00 AM org.openqa.selenium.devtools.CdpVersionFinder findNearestMatch
WARNING: Unable to find an exact match for CDP version 113, so returning the closest version found: 112
]]></system-err>
  </testcase>
  <testcase name="UserCanSearchForProductWithAutoSuggest" classname="tests.ChangeCurrencyTest" time="2.762">
    <system-out><![CDATA[07:29:03.834 [main] INFO  tests.AddProductReviewTest - Success of test cases and its details are : UserCanChangeCurrency
07:29:03.834 [main] INFO  tests.AddProductReviewTest - 

************** Execution Ended : UserCanChangeCurrency **************

07:29:03.834 [main] INFO  tests.AddProductReviewTest - 

************** Execution Started : UserCanSearchForProductWithAutoSuggest **************

]]></system-out>
  </testcase>
  <testcase name="UserCanContactWebsiteOwner" classname="tests.ContactUsTest" time="1.937">
    <system-out><![CDATA[07:29:06.596 [main] INFO  tests.AddProductReviewTest - Success of test cases and its details are : UserCanSearchForProductWithAutoSuggest
07:29:06.596 [main] INFO  tests.AddProductReviewTest - 

************** Execution Ended : UserCanSearchForProductWithAutoSuggest **************

07:29:06.737 [AsyncHttpClient-1-7] TRACE io.netty.handler.codec.http.websocketx.WebSocket08FrameEncoder - Encoding WebSocket Frame opCode=8 length=26
CURRENT THREAD: 1, DRIVER = ChromeDriver: chrome on WINDOWS (13ebd84cf6f3cc4eb3477c0d65fad7c8)
07:29:09.919 [main] INFO  tests.AddProductReviewTest - 

************** Execution Started : UserCanContactWebsiteOwner **************

]]></system-out>
    <system-err><![CDATA[Starting ChromeDriver 113.0.5672.63 (0e1a4471d5ae5bf128b1bd8f4d627c8cbd55f70c-refs/branch-heads/5672@{#912}) on port 12642
Only local connections are allowed.
Please see https://chromedriver.chromium.org/security-considerations for suggestions on keeping ChromeDriver safe.
ChromeDriver was started successfully.
May 13, 2023 7:29:08 AM org.openqa.selenium.devtools.CdpVersionFinder findNearestMatch
WARNING: Unable to find an exact match for CDP version 113, so returning the closest version found: 112
]]></system-err>
  </testcase>
  <testcase name="UserCanRegisterSuccessfully" classname="tests.EmailFriendTest" time="2.82">
    <system-out><![CDATA[07:29:11.859 [main] INFO  tests.AddProductReviewTest - Success of test cases and its details are : UserCanContactWebsiteOwner
07:29:11.859 [main] INFO  tests.AddProductReviewTest - 

************** Execution Ended : UserCanContactWebsiteOwner **************

07:29:11.935 [AsyncHttpClient-1-10] TRACE io.netty.handler.codec.http.websocketx.WebSocket08FrameEncoder - Encoding WebSocket Frame opCode=8 length=26
CURRENT THREAD: 1, DRIVER = ChromeDriver: chrome on WINDOWS (d506431eb6ae1432c86917d4e8809e69)
07:29:15.716 [main] INFO  tests.AddProductReviewTest - 

************** Execution Started : UserCanRegisterSuccessfully **************

]]></system-out>
    <system-err><![CDATA[Starting ChromeDriver 113.0.5672.63 (0e1a4471d5ae5bf128b1bd8f4d627c8cbd55f70c-refs/branch-heads/5672@{#912}) on port 4807
Only local connections are allowed.
Please see https://chromedriver.chromium.org/security-considerations for suggestions on keeping ChromeDriver safe.
ChromeDriver was started successfully.
May 13, 2023 7:29:13 AM org.openqa.selenium.devtools.CdpVersionFinder findNearestMatch
WARNING: Unable to find an exact match for CDP version 113, so returning the closest version found: 112
]]></system-err>
  </testcase>
  <testcase name="RegisteredUserCanLogin" classname="tests.EmailFriendTest" time="1.763">
    <system-out><![CDATA[07:29:18.536 [main] INFO  tests.AddProductReviewTest - Success of test cases and its details are : UserCanRegisterSuccessfully
07:29:18.536 [main] INFO  tests.AddProductReviewTest - 

************** Execution Ended : UserCanRegisterSuccessfully **************

07:29:18.545 [main] INFO  tests.AddProductReviewTest - 

************** Execution Started : RegisteredUserCanLogin **************

]]></system-out>
  </testcase>
  <testcase name="UserCanSearchForProducts" classname="tests.EmailFriendTest" time="3.693">
    <system-out><![CDATA[07:29:20.308 [main] INFO  tests.AddProductReviewTest - Success of test cases and its details are : RegisteredUserCanLogin
07:29:20.308 [main] INFO  tests.AddProductReviewTest - 

************** Execution Ended : RegisteredUserCanLogin **************

07:29:20.308 [main] INFO  tests.AddProductReviewTest - 

************** Execution Started : UserCanSearchForProducts **************

]]></system-out>
  </testcase>
  <testcase name="RegisteredUserCanEmailHisFriend" classname="tests.EmailFriendTest" time="1.614">
    <system-out><![CDATA[07:29:24.001 [main] INFO  tests.AddProductReviewTest - Success of test cases and its details are : UserCanSearchForProducts
07:29:24.001 [main] INFO  tests.AddProductReviewTest - 

************** Execution Ended : UserCanSearchForProducts **************

07:29:24.001 [main] INFO  tests.AddProductReviewTest - 

************** Execution Started : RegisteredUserCanEmailHisFriend **************

]]></system-out>
  </testcase>
  <testcase name="RegisteredUserCanLogout" classname="tests.EmailFriendTest" time="0.874">
    <system-out><![CDATA[07:29:25.615 [main] INFO  tests.AddProductReviewTest - Success of test cases and its details are : RegisteredUserCanEmailHisFriend
07:29:25.615 [main] INFO  tests.AddProductReviewTest - 

************** Execution Ended : RegisteredUserCanEmailHisFriend **************

07:29:25.615 [main] INFO  tests.AddProductReviewTest - 

************** Execution Started : RegisteredUserCanLogout **************

]]></system-out>
  </testcase>
  <testcase name="UserCanRegisterSuccessfully" classname="tests.MyAccountTest" time="2.848">
    <system-out><![CDATA[07:29:26.489 [main] INFO  tests.AddProductReviewTest - Success of test cases and its details are : RegisteredUserCanLogout
07:29:26.489 [main] INFO  tests.AddProductReviewTest - 

************** Execution Ended : RegisteredUserCanLogout **************

07:29:26.602 [AsyncHttpClient-1-13] TRACE io.netty.handler.codec.http.websocketx.WebSocket08FrameEncoder - Encoding WebSocket Frame opCode=8 length=26
CURRENT THREAD: 1, DRIVER = ChromeDriver: chrome on WINDOWS (5ddabed62a71036012410b1fece9523a)
07:29:29.724 [main] INFO  tests.AddProductReviewTest - 

************** Execution Started : UserCanRegisterSuccessfully **************

]]></system-out>
    <system-err><![CDATA[Starting ChromeDriver 113.0.5672.63 (0e1a4471d5ae5bf128b1bd8f4d627c8cbd55f70c-refs/branch-heads/5672@{#912}) on port 26412
Only local connections are allowed.
Please see https://chromedriver.chromium.org/security-considerations for suggestions on keeping ChromeDriver safe.
ChromeDriver was started successfully.
May 13, 2023 7:29:27 AM org.openqa.selenium.devtools.CdpVersionFinder findNearestMatch
WARNING: Unable to find an exact match for CDP version 113, so returning the closest version found: 112
]]></system-err>
  </testcase>
  <testcase name="RegisteredUserCanLogin" classname="tests.MyAccountTest" time="1.773">
    <system-out><![CDATA[07:29:32.572 [main] INFO  tests.AddProductReviewTest - Success of test cases and its details are : UserCanRegisterSuccessfully
07:29:32.572 [main] INFO  tests.AddProductReviewTest - 

************** Execution Ended : UserCanRegisterSuccessfully **************

07:29:32.572 [main] INFO  tests.AddProductReviewTest - 

************** Execution Started : RegisteredUserCanLogin **************

]]></system-out>
  </testcase>
  <testcase name="UserCanSearchForProducts" classname="tests.SearchProductTest" time="2.946">
    <system-out><![CDATA[07:29:34.345 [main] INFO  tests.AddProductReviewTest - Success of test cases and its details are : RegisteredUserCanLogin
07:29:34.346 [main] INFO  tests.AddProductReviewTest - 

************** Execution Ended : RegisteredUserCanLogin **************

07:29:34.446 [AsyncHttpClient-1-16] TRACE io.netty.handler.codec.http.websocketx.WebSocket08FrameEncoder - Encoding WebSocket Frame opCode=8 length=26
CURRENT THREAD: 1, DRIVER = ChromeDriver: chrome on WINDOWS (0f1d1ecda0b1b5756b8253437c3cb214)
07:29:37.514 [main] INFO  tests.AddProductReviewTest - 

************** Execution Started : UserCanSearchForProducts **************

]]></system-out>
    <system-err><![CDATA[Starting ChromeDriver 113.0.5672.63 (0e1a4471d5ae5bf128b1bd8f4d627c8cbd55f70c-refs/branch-heads/5672@{#912}) on port 24678
Only local connections are allowed.
Please see https://chromedriver.chromium.org/security-considerations for suggestions on keeping ChromeDriver safe.
ChromeDriver was started successfully.
May 13, 2023 7:29:35 AM org.openqa.selenium.devtools.CdpVersionFinder findNearestMatch
WARNING: Unable to find an exact match for CDP version 113, so returning the closest version found: 112
]]></system-err>
  </testcase>
  <testcase name="UserCanSearchForProductWithAutoSuggest" classname="tests.SearchProductWithAutoSuggestTest" time="0.223">
    <system-out><![CDATA[07:29:40.460 [main] INFO  tests.AddProductReviewTest - Success of test cases and its details are : UserCanSearchForProducts
07:29:40.461 [main] INFO  tests.AddProductReviewTest - 

************** Execution Ended : UserCanSearchForProducts **************

07:29:40.599 [AsyncHttpClient-1-19] TRACE io.netty.handler.codec.http.websocketx.WebSocket08FrameEncoder - Encoding WebSocket Frame opCode=8 length=26
CURRENT THREAD: 1, DRIVER = ChromeDriver: chrome on WINDOWS (35f281a68b63208371ac292c41e4a74f)
07:29:43.943 [main] INFO  tests.AddProductReviewTest - 

************** Execution Started : UserCanSearchForProductWithAutoSuggest **************

Error Occurred class org.openqa.selenium.remote.RemoteWebElement cannot be cast to class org.openqa.selenium.By (org.openqa.selenium.remote.RemoteWebElement and org.openqa.selenium.By are in unnamed module of loader org.apache.maven.surefire.booter.IsolatedClassLoader @d98ce13)
]]></system-out>
    <system-err><![CDATA[Starting ChromeDriver 113.0.5672.63 (0e1a4471d5ae5bf128b1bd8f4d627c8cbd55f70c-refs/branch-heads/5672@{#912}) on port 28125
Only local connections are allowed.
Please see https://chromedriver.chromium.org/security-considerations for suggestions on keeping ChromeDriver safe.
ChromeDriver was started successfully.
May 13, 2023 7:29:41 AM org.openqa.selenium.devtools.CdpVersionFinder findNearestMatch
WARNING: Unable to find an exact match for CDP version 113, so returning the closest version found: 112
]]></system-err>
  </testcase>
  <testcase name="testMethod" classname="tests.TestClass" time="2.701">
    <system-out><![CDATA[07:29:44.166 [main] INFO  tests.AddProductReviewTest - Success of test cases and its details are : UserCanSearchForProductWithAutoSuggest
07:29:44.166 [main] INFO  tests.AddProductReviewTest - 

************** Execution Ended : UserCanSearchForProductWithAutoSuggest **************

07:29:44.256 [AsyncHttpClient-1-22] TRACE io.netty.handler.codec.http.websocketx.WebSocket08FrameEncoder - Encoding WebSocket Frame opCode=8 length=26
CURRENT THREAD: 1, DRIVER = ChromeDriver: chrome on WINDOWS (653590cbacb82c33d549194d400e2984)
07:29:47.357 [main] INFO  tests.AddProductReviewTest - 

************** Execution Started : testMethod **************

]]></system-out>
    <system-err><![CDATA[Starting ChromeDriver 113.0.5672.63 (0e1a4471d5ae5bf128b1bd8f4d627c8cbd55f70c-refs/branch-heads/5672@{#912}) on port 2431
Only local connections are allowed.
Please see https://chromedriver.chromium.org/security-considerations for suggestions on keeping ChromeDriver safe.
ChromeDriver was started successfully.
May 13, 2023 7:29:45 AM org.openqa.selenium.devtools.CdpVersionFinder findNearestMatch
WARNING: Unable to find an exact match for CDP version 113, so returning the closest version found: 112
]]></system-err>
  </testcase>
</testsuite>