<?xml version="1.0" encoding="UTF-8"?>
<!-- Generated by org.testng.reporters.JUnitReportReporter -->
<testsuite hostname="DESKTOP-C2NQTD1" failures="0" tests="2" name="tests.TestClass" time="14.684" errors="0" timestamp="2023-01-11T23:55:06 EET" skipped="0">
  <testcase classname="tests.TestClass" name="testMethod" time="5.576"/>
  <system-out/>
  <testcase classname="tests.TestClass" name="testMethod" time="9.108"/>
  <system-out/>
</testsuite> <!-- tests.TestClass -->
