<?xml version="1.0" encoding="UTF-8"?>
<!-- Generated by org.testng.reporters.JUnitReportReporter -->
<testsuite hostname="DESKTOP-C2NQTD1" failures="0" tests="2" name="testRunner.Runner" time="10.286" errors="0" timestamp="2022-12-17T00:49:30 EET" skipped="0">
  <testcase classname="testRunner.Runner" name="runScenario" time="4.467"/>
  <system-out/>
  <testcase classname="testRunner.Runner" name="runScenario" time="5.819"/>
  <system-out/>
</testsuite> <!-- testRunner.Runner -->
